# JRE version: Java(TM) SE Runtime Environment (17.0.12+8) (build 17.0.12+8-LTS-286)
# Java VM: Java HotSpot(TM) 64-Bit Server VM (17.0.12+8-LTS-286, mixed mode, sharing, tiered, compressed oops, compressed class ptrs, g1 gc, windows-amd64)
GC Precious Log:
 CPUs: 8 total, 8 available
 Memory: 7968M
 Large Page Support: Disabled
 NUMA Support: Disabled
 Compressed Oops: Enabled (32-bit)
 Heap Region Size: 1M
 Heap Min Capacity: 8M
 Heap Initial Capacity: 126M
 Heap Max Capacity: 2G
 Pre-touch: Disabled
 Parallel Workers: 8
 Concurrent Workers: 2
 Concurrent Refinement Workers: 8
 Periodic GC: Disabled
Heap:
 garbage-first heap   total 250880K, used 139162K [0x0000000080000000, 0x0000000100000000)
  region size 1024K, 5 young (5120K), 5 survivors (5120K)
 Metaspace       used 84974K, committed 85824K, reserved 557056K
  class space    used 11991K, committed 12352K, reserved 425984K
GC Heap History (20 events):
Event: 10.931 GC heap after
{Heap after GC invocations=32 (full 0):
 garbage-first heap   total 153600K, used 86754K [0x0000000080000000, 0x0000000100000000)
  region size 1024K, 5 young (5120K), 5 survivors (5120K)
 Metaspace       used 72575K, committed 73344K, reserved 491520K
  class space    used 10197K, committed 10560K, reserved 425984K
}
Event: 11.101 GC heap before
{Heap before GC invocations=33 (full 0):
 garbage-first heap   total 165888K, used 110306K [0x0000000080000000, 0x0000000100000000)
  region size 1024K, 30 young (30720K), 5 survivors (5120K)
 Metaspace       used 72599K, committed 73344K, reserved 491520K
  class space    used 10198K, committed 10560K, reserved 425984K
}
Event: 11.105 GC heap after
{Heap after GC invocations=34 (full 0):
 garbage-first heap   total 165888K, used 88048K [0x0000000080000000, 0x0000000100000000)
  region size 1024K, 2 young (2048K), 2 survivors (2048K)
 Metaspace       used 72599K, committed 73344K, reserved 491520K
  class space    used 10198K, committed 10560K, reserved 425984K
}
Event: 11.850 GC heap before
{Heap before GC invocations=35 (full 0):
 garbage-first heap   total 165888K, used 137200K [0x0000000080000000, 0x0000000100000000)
  region size 1024K, 48 young (49152K), 2 survivors (2048K)
 Metaspace       used 75373K, committed 76224K, reserved 557056K
  class space    used 10622K, committed 11008K, reserved 425984K
}
Event: 11.856 GC heap after
{Heap after GC invocations=36 (full 0):
 garbage-first heap   total 165888K, used 95864K [0x0000000080000000, 0x0000000100000000)
  region size 1024K, 6 young (6144K), 6 survivors (6144K)
 Metaspace       used 75373K, committed 76224K, reserved 557056K
  class space    used 10622K, committed 11008K, reserved 425984K
}
Event: 12.236 GC heap before
{Heap before GC invocations=36 (full 0):
 garbage-first heap   total 165888K, used 135800K [0x0000000080000000, 0x0000000100000000)
  region size 1024K, 46 young (47104K), 6 survivors (6144K)
 Metaspace       used 77740K, committed 78592K, reserved 557056K
  class space    used 11125K, committed 11520K, reserved 425984K
}
Event: 12.243 GC heap after
{Heap after GC invocations=37 (full 0):
 garbage-first heap   total 165888K, used 100692K [0x0000000080000000, 0x0000000100000000)
  region size 1024K, 5 young (5120K), 5 survivors (5120K)
 Metaspace       used 77740K, committed 78592K, reserved 557056K
  class space    used 11125K, committed 11520K, reserved 425984K
}
Event: 12.723 GC heap before
{Heap before GC invocations=38 (full 0):
 garbage-first heap   total 189440K, used 135508K [0x0000000080000000, 0x0000000100000000)
  region size 1024K, 40 young (40960K), 5 survivors (5120K)
 Metaspace       used 79404K, committed 80192K, reserved 557056K
  class space    used 11354K, committed 11712K, reserved 425984K
}
Event: 12.728 GC heap after
{Heap after GC invocations=39 (full 0):
 garbage-first heap   total 189440K, used 102793K [0x0000000080000000, 0x0000000100000000)
  region size 1024K, 3 young (3072K), 3 survivors (3072K)
 Metaspace       used 79404K, committed 80192K, reserved 557056K
  class space    used 11354K, committed 11712K, reserved 425984K
}
Event: 13.055 GC heap before
{Heap before GC invocations=39 (full 0):
 garbage-first heap   total 189440K, used 108937K [0x0000000080000000, 0x0000000100000000)
  region size 1024K, 9 young (9216K), 3 survivors (3072K)
 Metaspace       used 79420K, committed 80192K, reserved 557056K
  class space    used 11354K, committed 11712K, reserved 425984K
}
Event: 13.057 GC heap after
{Heap after GC invocations=40 (full 0):
 garbage-first heap   total 189440K, used 103351K [0x0000000080000000, 0x0000000100000000)
  region size 1024K, 1 young (1024K), 1 survivors (1024K)
 Metaspace       used 79420K, committed 80192K, reserved 557056K
  class space    used 11354K, committed 11712K, reserved 425984K
}
Event: 13.818 GC heap before
{Heap before GC invocations=40 (full 0):
 garbage-first heap   total 189440K, used 152503K [0x0000000080000000, 0x0000000100000000)
  region size 1024K, 50 young (51200K), 1 survivors (1024K)
 Metaspace       used 84914K, committed 85760K, reserved 557056K
  class space    used 11989K, committed 12352K, reserved 425984K
}
Event: 13.824 GC heap after
{Heap after GC invocations=41 (full 0):
 garbage-first heap   total 189440K, used 112069K [0x0000000080000000, 0x0000000100000000)
  region size 1024K, 7 young (7168K), 7 survivors (7168K)
 Metaspace       used 84914K, committed 85760K, reserved 557056K
  class space    used 11989K, committed 12352K, reserved 425984K
}
Event: 14.082 GC heap before
{Heap before GC invocations=42 (full 0):
 garbage-first heap   total 203776K, used 154053K [0x0000000080000000, 0x0000000100000000)
  region size 1024K, 48 young (49152K), 7 survivors (7168K)
 Metaspace       used 84930K, committed 85824K, reserved 557056K
  class space    used 11987K, committed 12352K, reserved 425984K
}
Event: 14.091 GC heap after
{Heap after GC invocations=43 (full 0):
 garbage-first heap   total 203776K, used 121306K [0x0000000080000000, 0x0000000100000000)
  region size 1024K, 6 young (6144K), 6 survivors (6144K)
 Metaspace       used 84930K, committed 85824K, reserved 557056K
  class space    used 11987K, committed 12352K, reserved 425984K
}
Event: 14.106 GC heap before
{Heap before GC invocations=43 (full 0):
 garbage-first heap   total 203776K, used 124378K [0x0000000080000000, 0x0000000100000000)
  region size 1024K, 9 young (9216K), 6 survivors (6144K)
 Metaspace       used 84938K, committed 85824K, reserved 557056K
  class space    used 11990K, committed 12352K, reserved 425984K
}
Event: 14.110 GC heap after
{Heap after GC invocations=44 (full 0):
 garbage-first heap   total 203776K, used 122248K [0x0000000080000000, 0x0000000100000000)
  region size 1024K, 1 young (1024K), 1 survivors (1024K)
 Metaspace       used 84938K, committed 85824K, reserved 557056K
  class space    used 11990K, committed 12352K, reserved 425984K
}
Event: 14.283 GC heap before
{Heap before GC invocations=44 (full 0):
 garbage-first heap   total 203776K, used 164232K [0x0000000080000000, 0x0000000100000000)
  region size 1024K, 42 young (43008K), 1 survivors (1024K)
 Metaspace       used 84964K, committed 85824K, reserved 557056K
  class space    used 11990K, committed 12352K, reserved 425984K
}
Event: 14.289 GC heap after
{Heap after GC invocations=45 (full 0):
 garbage-first heap   total 203776K, used 131418K [0x0000000080000000, 0x0000000100000000)
  region size 1024K, 6 young (6144K), 6 survivors (6144K)
 Metaspace       used 84964K, committed 85824K, reserved 557056K
  class space    used 11990K, committed 12352K, reserved 425984K
}
Event: 14.504 GC heap before
{Heap before GC invocations=46 (full 0):
 garbage-first heap   total 250880K, used 166234K [0x0000000080000000, 0x0000000100000000)
  region size 1024K, 40 young (40960K), 6 survivors (6144K)
 Metaspace       used 84974K, committed 85824K, reserved 557056K
  class space    used 11991K, committed 12352K, reserved 425984K
}

