# JRE version: Java(TM) SE Runtime Environment (17.0.12+8) (build 17.0.12+8-LTS-286)
# Java VM: Java HotSpot(TM) 64-Bit Server VM (17.0.12+8-LTS-286, mixed mode, sharing, tiered, compressed oops, compressed class ptrs, g1 gc, windows-amd64)
GC Precious Log:
 CPUs: 8 total, 8 available
 Memory: 7968M
 Large Page Support: Disabled
 NUMA Support: Disabled
 Compressed Oops: Enabled (32-bit)
 Heap Region Size: 1M
 Heap Min Capacity: 8M
 Heap Initial Capacity: 126M
 Heap Max Capacity: 2G
 Pre-touch: Disabled
 Parallel Workers: 8
 Concurrent Workers: 2
 Concurrent Refinement Workers: 8
 Periodic GC: Disabled
Heap:
 garbage-first heap   total 163840K, used 97850K [0x0000000080000000, 0x0000000100000000)
  region size 1024K, 5 young (5120K), 5 survivors (5120K)
 Metaspace       used 75713K, committed 76544K, reserved 557056K
  class space    used 10672K, committed 11072K, reserved 425984K
GC Heap History (20 events):
Event: 8.353 GC heap after
{Heap after GC invocations=27 (full 0):
 garbage-first heap   total 126976K, used 69452K [0x0000000080000000, 0x0000000100000000)
  region size 1024K, 5 young (5120K), 5 survivors (5120K)
 Metaspace       used 59312K, committed 59904K, reserved 491520K
  class space    used 8116K, committed 8384K, reserved 425984K
}
Event: 8.358 GC heap before
{Heap before GC invocations=27 (full 0):
 garbage-first heap   total 126976K, used 70476K [0x0000000080000000, 0x0000000100000000)
  region size 1024K, 6 young (6144K), 5 survivors (5120K)
 Metaspace       used 59312K, committed 59904K, reserved 491520K
  class space    used 8116K, committed 8384K, reserved 425984K
}
Event: 8.362 GC heap after
{Heap after GC invocations=28 (full 0):
 garbage-first heap   total 152576K, used 69718K [0x0000000080000000, 0x0000000100000000)
  region size 1024K, 1 young (1024K), 1 survivors (1024K)
 Metaspace       used 59312K, committed 59904K, reserved 491520K
  class space    used 8116K, committed 8384K, reserved 425984K
}
Event: 8.679 GC heap before
{Heap before GC invocations=28 (full 0):
 garbage-first heap   total 152576K, used 115798K [0x0000000080000000, 0x0000000100000000)
  region size 1024K, 46 young (47104K), 1 survivors (1024K)
 Metaspace       used 60625K, committed 61120K, reserved 491520K
  class space    used 8286K, committed 8512K, reserved 425984K
}
Event: 8.683 GC heap after
{Heap after GC invocations=29 (full 0):
 garbage-first heap   total 152576K, used 72423K [0x0000000080000000, 0x0000000100000000)
  region size 1024K, 4 young (4096K), 4 survivors (4096K)
 Metaspace       used 60625K, committed 61120K, reserved 491520K
  class space    used 8286K, committed 8512K, reserved 425984K
}
Event: 8.951 GC heap before
{Heap before GC invocations=30 (full 0):
 garbage-first heap   total 152576K, used 96999K [0x0000000080000000, 0x0000000100000000)
  region size 1024K, 29 young (29696K), 4 survivors (4096K)
 Metaspace       used 62492K, committed 63040K, reserved 491520K
  class space    used 8552K, committed 8768K, reserved 425984K
}
Event: 8.955 GC heap after
{Heap after GC invocations=31 (full 0):
 garbage-first heap   total 152576K, used 73815K [0x0000000080000000, 0x0000000100000000)
  region size 1024K, 2 young (2048K), 2 survivors (2048K)
 Metaspace       used 62492K, committed 63040K, reserved 491520K
  class space    used 8552K, committed 8768K, reserved 425984K
}
Event: 9.510 GC heap before
{Heap before GC invocations=32 (full 0):
 garbage-first heap   total 152576K, used 121943K [0x0000000080000000, 0x0000000100000000)
  region size 1024K, 48 young (49152K), 2 survivors (2048K)
 Metaspace       used 66431K, committed 67072K, reserved 491520K
  class space    used 9255K, committed 9536K, reserved 425984K
}
Event: 9.513 GC heap after
{Heap after GC invocations=33 (full 0):
 garbage-first heap   total 152576K, used 74881K [0x0000000080000000, 0x0000000100000000)
  region size 1024K, 3 young (3072K), 3 survivors (3072K)
 Metaspace       used 66431K, committed 67072K, reserved 491520K
  class space    used 9255K, committed 9536K, reserved 425984K
}
Event: 9.967 GC heap before
{Heap before GC invocations=33 (full 0):
 garbage-first heap   total 152576K, used 123009K [0x0000000080000000, 0x0000000100000000)
  region size 1024K, 50 young (51200K), 3 survivors (3072K)
 Metaspace       used 70133K, committed 70720K, reserved 491520K
  class space    used 9807K, committed 10048K, reserved 425984K
}
Event: 9.971 GC heap after
{Heap after GC invocations=34 (full 0):
 garbage-first heap   total 152576K, used 77368K [0x0000000080000000, 0x0000000100000000)
  region size 1024K, 5 young (5120K), 5 survivors (5120K)
 Metaspace       used 70133K, committed 70720K, reserved 491520K
  class space    used 9807K, committed 10048K, reserved 425984K
}
Event: 10.413 GC heap before
{Heap before GC invocations=35 (full 0):
 garbage-first heap   total 152576K, used 123448K [0x0000000080000000, 0x0000000100000000)
  region size 1024K, 51 young (52224K), 5 survivors (5120K)
 Metaspace       used 71438K, committed 72064K, reserved 491520K
  class space    used 10033K, committed 10304K, reserved 425984K
}
Event: 10.422 GC heap after
{Heap after GC invocations=36 (full 0):
 garbage-first heap   total 152576K, used 82138K [0x0000000080000000, 0x0000000100000000)
  region size 1024K, 7 young (7168K), 7 survivors (7168K)
 Metaspace       used 71438K, committed 72064K, reserved 491520K
  class space    used 10033K, committed 10304K, reserved 425984K
}
Event: 10.836 GC heap before
{Heap before GC invocations=36 (full 0):
 garbage-first heap   total 152576K, used 123098K [0x0000000080000000, 0x0000000100000000)
  region size 1024K, 48 young (49152K), 7 survivors (7168K)
 Metaspace       used 72502K, committed 73280K, reserved 491520K
  class space    used 10192K, committed 10560K, reserved 425984K
}
Event: 10.843 GC heap after
{Heap after GC invocations=37 (full 0):
 garbage-first heap   total 152576K, used 87152K [0x0000000080000000, 0x0000000100000000)
  region size 1024K, 5 young (5120K), 5 survivors (5120K)
 Metaspace       used 72502K, committed 73280K, reserved 491520K
  class space    used 10192K, committed 10560K, reserved 425984K
}
Event: 11.159 GC heap before
{Heap before GC invocations=38 (full 0):
 garbage-first heap   total 163840K, used 126064K [0x0000000080000000, 0x0000000100000000)
  region size 1024K, 42 young (43008K), 5 survivors (5120K)
 Metaspace       used 73102K, committed 73792K, reserved 491520K
  class space    used 10290K, committed 10624K, reserved 425984K
}
Event: 11.164 GC heap after
{Heap after GC invocations=39 (full 0):
 garbage-first heap   total 163840K, used 93050K [0x0000000080000000, 0x0000000100000000)
  region size 1024K, 4 young (4096K), 4 survivors (4096K)
 Metaspace       used 73102K, committed 73792K, reserved 491520K
  class space    used 10290K, committed 10624K, reserved 425984K
}
Event: 11.205 GC heap before
{Heap before GC invocations=39 (full 0):
 garbage-first heap   total 163840K, used 97146K [0x0000000080000000, 0x0000000100000000)
  region size 1024K, 8 young (8192K), 4 survivors (4096K)
 Metaspace       used 73354K, committed 74112K, reserved 491520K
  class space    used 10323K, committed 10688K, reserved 425984K
}
Event: 11.207 GC heap after
{Heap after GC invocations=40 (full 0):
 garbage-first heap   total 163840K, used 93571K [0x0000000080000000, 0x0000000100000000)
  region size 1024K, 1 young (1024K), 1 survivors (1024K)
 Metaspace       used 73354K, committed 74112K, reserved 491520K
  class space    used 10323K, committed 10688K, reserved 425984K
}
Event: 11.755 GC heap before
{Heap before GC invocations=40 (full 0):
 garbage-first heap   total 163840K, used 134531K [0x0000000080000000, 0x0000000100000000)
  region size 1024K, 41 young (41984K), 1 survivors (1024K)
 Metaspace       used 75713K, committed 76544K, reserved 557056K
  class space    used 10672K, committed 11072K, reserved 425984K
}

