# JRE version: Java(TM) SE Runtime Environment (17.0.12+8) (build 17.0.12+8-LTS-286)
# Java VM: Java HotSpot(TM) 64-Bit Server VM (17.0.12+8-LTS-286, mixed mode, sharing, tiered, compressed oops, compressed class ptrs, g1 gc, windows-amd64)
GC Precious Log:
 CPUs: 8 total, 8 available
 Memory: 7968M
 Large Page Support: Disabled
 NUMA Support: Disabled
 Compressed Oops: Enabled (32-bit)
 Heap Region Size: 1M
 Heap Min Capacity: 8M
 Heap Initial Capacity: 126M
 Heap Max Capacity: 2G
 Pre-touch: Disabled
 Parallel Workers: 8
 Concurrent Workers: 2
 Concurrent Refinement Workers: 8
 Periodic GC: Disabled
Heap:
 garbage-first heap   total 301056K, used 179521K [0x0000000080000000, 0x0000000100000000)
  region size 1024K, 33 young (33792K), 2 survivors (2048K)
 Metaspace       used 91593K, committed 92480K, reserved 557056K
  class space    used 12752K, committed 13184K, reserved 425984K
GC Heap History (20 events):
Event: 9.370 GC heap before
{Heap before GC invocations=26 (full 0):
 garbage-first heap   total 240640K, used 186468K [0x0000000080000000, 0x0000000100000000)
  region size 1024K, 112 young (114688K), 4 survivors (4096K)
 Metaspace       used 72547K, committed 73280K, reserved 491520K
  class space    used 10201K, committed 10560K, reserved 425984K
}
Event: 9.380 GC heap after
{Heap after GC invocations=27 (full 0):
 garbage-first heap   total 240640K, used 86214K [0x0000000080000000, 0x0000000100000000)
  region size 1024K, 14 young (14336K), 14 survivors (14336K)
 Metaspace       used 72547K, committed 73280K, reserved 491520K
  class space    used 10201K, committed 10560K, reserved 425984K
}
Event: 10.469 GC heap before
{Heap before GC invocations=27 (full 0):
 garbage-first heap   total 240640K, used 190662K [0x0000000080000000, 0x0000000100000000)
  region size 1024K, 115 young (117760K), 14 survivors (14336K)
 Metaspace       used 77145K, committed 77952K, reserved 557056K
  class space    used 11075K, committed 11456K, reserved 425984K
}
Event: 10.481 GC heap after
{Heap after GC invocations=28 (full 0):
 garbage-first heap   total 240640K, used 97261K [0x0000000080000000, 0x0000000100000000)
  region size 1024K, 9 young (9216K), 9 survivors (9216K)
 Metaspace       used 77145K, committed 77952K, reserved 557056K
  class space    used 11075K, committed 11456K, reserved 425984K
}
Event: 37.687 GC heap before
{Heap before GC invocations=28 (full 0):
 garbage-first heap   total 240640K, used 190445K [0x0000000080000000, 0x0000000100000000)
  region size 1024K, 101 young (103424K), 9 survivors (9216K)
 Metaspace       used 80059K, committed 80960K, reserved 557056K
  class space    used 11495K, committed 11904K, reserved 425984K
}
Event: 37.699 GC heap after
{Heap after GC invocations=29 (full 0):
 garbage-first heap   total 240640K, used 108751K [0x0000000080000000, 0x0000000100000000)
  region size 1024K, 12 young (12288K), 12 survivors (12288K)
 Metaspace       used 80059K, committed 80960K, reserved 557056K
  class space    used 11495K, committed 11904K, reserved 425984K
}
Event: 38.639 GC heap before
{Heap before GC invocations=29 (full 0):
 garbage-first heap   total 240640K, used 188623K [0x0000000080000000, 0x0000000100000000)
  region size 1024K, 91 young (93184K), 12 survivors (12288K)
 Metaspace       used 89937K, committed 90816K, reserved 557056K
  class space    used 12701K, committed 13120K, reserved 425984K
}
Event: 38.653 GC heap after
{Heap after GC invocations=30 (full 0):
 garbage-first heap   total 240640K, used 120523K [0x0000000080000000, 0x0000000100000000)
  region size 1024K, 12 young (12288K), 12 survivors (12288K)
 Metaspace       used 89937K, committed 90816K, reserved 557056K
  class space    used 12701K, committed 13120K, reserved 425984K
}
Event: 39.456 GC heap before
{Heap before GC invocations=30 (full 0):
 garbage-first heap   total 240640K, used 189131K [0x0000000080000000, 0x0000000100000000)
  region size 1024K, 80 young (81920K), 12 survivors (12288K)
 Metaspace       used 91340K, committed 92224K, reserved 557056K
  class space    used 12750K, committed 13184K, reserved 425984K
}
Event: 39.464 GC heap after
{Heap after GC invocations=31 (full 0):
 garbage-first heap   total 240640K, used 118774K [0x0000000080000000, 0x0000000100000000)
  region size 1024K, 6 young (6144K), 6 survivors (6144K)
 Metaspace       used 91340K, committed 92224K, reserved 557056K
  class space    used 12750K, committed 13184K, reserved 425984K
}
Event: 40.245 GC heap before
{Heap before GC invocations=32 (full 0):
 garbage-first heap   total 242688K, used 190454K [0x0000000080000000, 0x0000000100000000)
  region size 1024K, 77 young (78848K), 6 survivors (6144K)
 Metaspace       used 91492K, committed 92416K, reserved 557056K
  class space    used 12751K, committed 13184K, reserved 425984K
}
Event: 40.251 GC heap after
{Heap after GC invocations=33 (full 0):
 garbage-first heap   total 242688K, used 121048K [0x0000000080000000, 0x0000000100000000)
  region size 1024K, 9 young (9216K), 9 survivors (9216K)
 Metaspace       used 91492K, committed 92416K, reserved 557056K
  class space    used 12751K, committed 13184K, reserved 425984K
}
Event: 40.265 GC heap before
{Heap before GC invocations=33 (full 0):
 garbage-first heap   total 242688K, used 123096K [0x0000000080000000, 0x0000000100000000)
  region size 1024K, 11 young (11264K), 9 survivors (9216K)
 Metaspace       used 91508K, committed 92416K, reserved 557056K
  class space    used 12751K, committed 13184K, reserved 425984K
}
Event: 40.271 GC heap after
{Heap after GC invocations=34 (full 0):
 garbage-first heap   total 242688K, used 119107K [0x0000000080000000, 0x0000000100000000)
  region size 1024K, 2 young (2048K), 2 survivors (2048K)
 Metaspace       used 91508K, committed 92416K, reserved 557056K
  class space    used 12751K, committed 13184K, reserved 425984K
}
Event: 40.565 GC heap before
{Heap before GC invocations=34 (full 0):
 garbage-first heap   total 242688K, used 194883K [0x0000000080000000, 0x0000000100000000)
  region size 1024K, 76 young (77824K), 2 survivors (2048K)
 Metaspace       used 91576K, committed 92480K, reserved 557056K
  class space    used 12751K, committed 13184K, reserved 425984K
}
Event: 40.576 GC heap after
{Heap after GC invocations=35 (full 0):
 garbage-first heap   total 242688K, used 134682K [0x0000000080000000, 0x0000000100000000)
  region size 1024K, 10 young (10240K), 10 survivors (10240K)
 Metaspace       used 91576K, committed 92480K, reserved 557056K
  class space    used 12751K, committed 13184K, reserved 425984K
}
Event: 40.847 GC heap before
{Heap before GC invocations=36 (full 0):
 garbage-first heap   total 250880K, used 193050K [0x0000000080000000, 0x0000000100000000)
  region size 1024K, 67 young (68608K), 10 survivors (10240K)
 Metaspace       used 91591K, committed 92480K, reserved 557056K
  class space    used 12751K, committed 13184K, reserved 425984K
}
Event: 40.859 GC heap after
{Heap after GC invocations=37 (full 0):
 garbage-first heap   total 250880K, used 147614K [0x0000000080000000, 0x0000000100000000)
  region size 1024K, 9 young (9216K), 9 survivors (9216K)
 Metaspace       used 91591K, committed 92480K, reserved 557056K
  class space    used 12751K, committed 13184K, reserved 425984K
}
Event: 40.871 GC heap before
{Heap before GC invocations=37 (full 0):
 garbage-first heap   total 250880K, used 150686K [0x0000000080000000, 0x0000000100000000)
  region size 1024K, 12 young (12288K), 9 survivors (9216K)
 Metaspace       used 91591K, committed 92480K, reserved 557056K
  class space    used 12751K, committed 13184K, reserved 425984K
}
Event: 40.879 GC heap after
{Heap after GC invocations=38 (full 0):
 garbage-first heap   total 301056K, used 148801K [0x0000000080000000, 0x0000000100000000)
  region size 1024K, 2 young (2048K), 2 survivors (2048K)
 Metaspace       used 91591K, committed 92480K, reserved 557056K
  class space    used 12751K, committed 13184K, reserved 425984K
}

