# JRE version: OpenJDK Runtime Environment Temurin-21.0.7+6 (21.0.7+6) (build 21.0.7+6-LTS)
# Java VM: OpenJDK 64-Bit Server VM Temurin-21.0.7+6 (21.0.7+6-LTS, mixed mode, sharing, tiered, compressed oops, compressed class ptrs, parallel gc, windows-amd64)
GC Precious Log:
 CardTable entry size: 512
 CPUs: 8 total, 8 available
 Memory: 7968M
 Large Page Support: Disabled
 NUMA Support: Disabled
 Compressed Oops: Enabled (32-bit)
 Alignments: Space 512K, Generation 512K, Heap 2M
 Heap Min Capacity: 100M
 Heap Initial Capacity: 100M
 Heap Max Capacity: 1G
 Pre-touch: Disabled
 Parallel Workers: 8
Heap:
 PSYoungGen      total 5632K, used 3823K [0x00000000eab00000, 0x00000000eb200000, 0x0000000100000000)
  eden space 4096K, 64% used [0x00000000eab00000,0x00000000ead8fed8,0x00000000eaf00000)
  from space 1536K, 78% used [0x00000000eaf00000,0x00000000eb02c010,0x00000000eb080000)
  to   space 1536K, 0% used [0x00000000eb080000,0x00000000eb080000,0x00000000eb200000)
 ParOldGen       total 658432K, used 658372K [0x00000000c0000000, 0x00000000e8300000, 0x00000000eab00000)
  object space 658432K, 99% used [0x00000000c0000000,0x00000000e82f12f0,0x00000000e8300000)
 Metaspace       used 52787K, committed 53952K, reserved 1114112K
  class space    used 4697K, committed 5248K, reserved 1048576K
GC Heap History (20 events):
Event: 620.170 GC heap before
{Heap before GC invocations=1144 (full 3):
 PSYoungGen      total 6144K, used 5913K [0x00000000eab00000, 0x00000000eb300000, 0x0000000100000000)
  eden space 4096K, 100% used [0x00000000eab00000,0x00000000eaf00000,0x00000000eaf00000)
  from space 2048K, 88% used [0x00000000eb100000,0x00000000eb2c6588,0x00000000eb300000)
  to   space 2048K, 0% used [0x00000000eaf00000,0x00000000eaf00000,0x00000000eb100000)
 ParOldGen       total 643584K, used 643188K [0x00000000c0000000, 0x00000000e7480000, 0x00000000eab00000)
  object space 643584K, 99% used [0x00000000c0000000,0x00000000e741d320,0x00000000e7480000)
 Metaspace       used 52743K, committed 53952K, reserved 1114112K
  class space    used 4697K, committed 5248K, reserved 1048576K
}
Event: 620.172 GC heap after
{Heap after GC invocations=1144 (full 3):
 PSYoungGen      total 6144K, used 1604K [0x00000000eab00000, 0x00000000eb300000, 0x0000000100000000)
  eden space 4096K, 0% used [0x00000000eab00000,0x00000000eab00000,0x00000000eaf00000)
  from space 2048K, 78% used [0x00000000eaf00000,0x00000000eb0913b0,0x00000000eb100000)
  to   space 2048K, 0% used [0x00000000eb100000,0x00000000eb100000,0x00000000eb300000)
 ParOldGen       total 645120K, used 644765K [0x00000000c0000000, 0x00000000e7600000, 0x00000000eab00000)
  object space 645120K, 99% used [0x00000000c0000000,0x00000000e75a7430,0x00000000e7600000)
 Metaspace       used 52743K, committed 53952K, reserved 1114112K
  class space    used 4697K, committed 5248K, reserved 1048576K
}
Event: 620.227 GC heap before
{Heap before GC invocations=1145 (full 3):
 PSYoungGen      total 6144K, used 5700K [0x00000000eab00000, 0x00000000eb300000, 0x0000000100000000)
  eden space 4096K, 100% used [0x00000000eab00000,0x00000000eaf00000,0x00000000eaf00000)
  from space 2048K, 78% used [0x00000000eaf00000,0x00000000eb0913b0,0x00000000eb100000)
  to   space 2048K, 0% used [0x00000000eb100000,0x00000000eb100000,0x00000000eb300000)
 ParOldGen       total 645120K, used 644765K [0x00000000c0000000, 0x00000000e7600000, 0x00000000eab00000)
  object space 645120K, 99% used [0x00000000c0000000,0x00000000e75a7430,0x00000000e7600000)
 Metaspace       used 52744K, committed 53952K, reserved 1114112K
  class space    used 4697K, committed 5248K, reserved 1048576K
}
Event: 620.238 GC heap after
{Heap after GC invocations=1145 (full 3):
 PSYoungGen      total 6144K, used 1644K [0x00000000eab00000, 0x00000000eb300000, 0x0000000100000000)
  eden space 4096K, 0% used [0x00000000eab00000,0x00000000eab00000,0x00000000eaf00000)
  from space 2048K, 80% used [0x00000000eb100000,0x00000000eb29b390,0x00000000eb300000)
  to   space 2048K, 0% used [0x00000000eaf00000,0x00000000eaf00000,0x00000000eb100000)
 ParOldGen       total 646656K, used 646196K [0x00000000c0000000, 0x00000000e7780000, 0x00000000eab00000)
  object space 646656K, 99% used [0x00000000c0000000,0x00000000e770d328,0x00000000e7780000)
 Metaspace       used 52744K, committed 53952K, reserved 1114112K
  class space    used 4697K, committed 5248K, reserved 1048576K
}
Event: 620.275 GC heap before
{Heap before GC invocations=1146 (full 3):
 PSYoungGen      total 6144K, used 5740K [0x00000000eab00000, 0x00000000eb300000, 0x0000000100000000)
  eden space 4096K, 100% used [0x00000000eab00000,0x00000000eaf00000,0x00000000eaf00000)
  from space 2048K, 80% used [0x00000000eb100000,0x00000000eb29b390,0x00000000eb300000)
  to   space 2048K, 0% used [0x00000000eaf00000,0x00000000eaf00000,0x00000000eb100000)
 ParOldGen       total 646656K, used 646196K [0x00000000c0000000, 0x00000000e7780000, 0x00000000eab00000)
  object space 646656K, 99% used [0x00000000c0000000,0x00000000e770d328,0x00000000e7780000)
 Metaspace       used 52744K, committed 53952K, reserved 1114112K
  class space    used 4697K, committed 5248K, reserved 1048576K
}
Event: 620.280 GC heap after
{Heap after GC invocations=1146 (full 3):
 PSYoungGen      total 6144K, used 2034K [0x00000000eab00000, 0x00000000eb800000, 0x0000000100000000)
  eden space 4096K, 0% used [0x00000000eab00000,0x00000000eab00000,0x00000000eaf00000)
  from space 2048K, 99% used [0x00000000eaf00000,0x00000000eb0fc968,0x00000000eb100000)
  to   space 4608K, 0% used [0x00000000eb380000,0x00000000eb380000,0x00000000eb800000)
 ParOldGen       total 648192K, used 648125K [0x00000000c0000000, 0x00000000e7900000, 0x00000000eab00000)
  object space 648192K, 99% used [0x00000000c0000000,0x00000000e78ef488,0x00000000e7900000)
 Metaspace       used 52744K, committed 53952K, reserved 1114112K
  class space    used 4697K, committed 5248K, reserved 1048576K
}
Event: 620.304 GC heap before
{Heap before GC invocations=1147 (full 3):
 PSYoungGen      total 6144K, used 6130K [0x00000000eab00000, 0x00000000eb800000, 0x0000000100000000)
  eden space 4096K, 100% used [0x00000000eab00000,0x00000000eaf00000,0x00000000eaf00000)
  from space 2048K, 99% used [0x00000000eaf00000,0x00000000eb0fc968,0x00000000eb100000)
  to   space 4608K, 0% used [0x00000000eb380000,0x00000000eb380000,0x00000000eb800000)
 ParOldGen       total 648192K, used 648125K [0x00000000c0000000, 0x00000000e7900000, 0x00000000eab00000)
  object space 648192K, 99% used [0x00000000c0000000,0x00000000e78ef488,0x00000000e7900000)
 Metaspace       used 52744K, committed 53952K, reserved 1114112K
  class space    used 4697K, committed 5248K, reserved 1048576K
}
Event: 620.309 GC heap after
{Heap after GC invocations=1147 (full 3):
 PSYoungGen      total 6144K, used 2016K [0x00000000eab00000, 0x00000000eb580000, 0x0000000100000000)
  eden space 4096K, 0% used [0x00000000eab00000,0x00000000eab00000,0x00000000eaf00000)
  from space 2048K, 98% used [0x00000000eb380000,0x00000000eb578020,0x00000000eb580000)
  to   space 3072K, 0% used [0x00000000eaf80000,0x00000000eaf80000,0x00000000eb280000)
 ParOldGen       total 650240K, used 650175K [0x00000000c0000000, 0x00000000e7b00000, 0x00000000eab00000)
  object space 650240K, 99% used [0x00000000c0000000,0x00000000e7aefe38,0x00000000e7b00000)
 Metaspace       used 52744K, committed 53952K, reserved 1114112K
  class space    used 4697K, committed 5248K, reserved 1048576K
}
Event: 620.356 GC heap before
{Heap before GC invocations=1148 (full 3):
 PSYoungGen      total 6144K, used 6112K [0x00000000eab00000, 0x00000000eb580000, 0x0000000100000000)
  eden space 4096K, 99% used [0x00000000eab00000,0x00000000eaeffff8,0x00000000eaf00000)
  from space 2048K, 98% used [0x00000000eb380000,0x00000000eb578020,0x00000000eb580000)
  to   space 3072K, 0% used [0x00000000eaf80000,0x00000000eaf80000,0x00000000eb280000)
 ParOldGen       total 650240K, used 650175K [0x00000000c0000000, 0x00000000e7b00000, 0x00000000eab00000)
  object space 650240K, 99% used [0x00000000c0000000,0x00000000e7aefe38,0x00000000e7b00000)
 Metaspace       used 52752K, committed 53952K, reserved 1114112K
  class space    used 4697K, committed 5248K, reserved 1048576K
}
Event: 620.361 GC heap after
{Heap after GC invocations=1148 (full 3):
 PSYoungGen      total 5632K, used 1178K [0x00000000eab00000, 0x00000000eb400000, 0x0000000100000000)
  eden space 4096K, 0% used [0x00000000eab00000,0x00000000eab00000,0x00000000eaf00000)
  from space 1536K, 76% used [0x00000000eaf80000,0x00000000eb0a6880,0x00000000eb100000)
  to   space 2048K, 0% used [0x00000000eb200000,0x00000000eb200000,0x00000000eb400000)
 ParOldGen       total 652288K, used 652087K [0x00000000c0000000, 0x00000000e7d00000, 0x00000000eab00000)
  object space 652288K, 99% used [0x00000000c0000000,0x00000000e7ccde58,0x00000000e7d00000)
 Metaspace       used 52752K, committed 53952K, reserved 1114112K
  class space    used 4697K, committed 5248K, reserved 1048576K
}
Event: 620.397 GC heap before
{Heap before GC invocations=1149 (full 3):
 PSYoungGen      total 5632K, used 5274K [0x00000000eab00000, 0x00000000eb400000, 0x0000000100000000)
  eden space 4096K, 100% used [0x00000000eab00000,0x00000000eaf00000,0x00000000eaf00000)
  from space 1536K, 76% used [0x00000000eaf80000,0x00000000eb0a6880,0x00000000eb100000)
  to   space 2048K, 0% used [0x00000000eb200000,0x00000000eb200000,0x00000000eb400000)
 ParOldGen       total 652288K, used 652087K [0x00000000c0000000, 0x00000000e7d00000, 0x00000000eab00000)
  object space 652288K, 99% used [0x00000000c0000000,0x00000000e7ccde58,0x00000000e7d00000)
 Metaspace       used 52779K, committed 53952K, reserved 1114112K
  class space    used 4697K, committed 5248K, reserved 1048576K
}
Event: 620.400 GC heap after
{Heap after GC invocations=1149 (full 3):
 PSYoungGen      total 5632K, used 1147K [0x00000000eab00000, 0x00000000eb380000, 0x0000000100000000)
  eden space 4096K, 0% used [0x00000000eab00000,0x00000000eab00000,0x00000000eaf00000)
  from space 1536K, 74% used [0x00000000eb200000,0x00000000eb31ee60,0x00000000eb380000)
  to   space 1536K, 0% used [0x00000000eaf80000,0x00000000eaf80000,0x00000000eb100000)
 ParOldGen       total 653312K, used 653092K [0x00000000c0000000, 0x00000000e7e00000, 0x00000000eab00000)
  object space 653312K, 99% used [0x00000000c0000000,0x00000000e7dc93d0,0x00000000e7e00000)
 Metaspace       used 52779K, committed 53952K, reserved 1114112K
  class space    used 4697K, committed 5248K, reserved 1048576K
}
Event: 620.469 GC heap before
{Heap before GC invocations=1150 (full 3):
 PSYoungGen      total 5632K, used 5243K [0x00000000eab00000, 0x00000000eb380000, 0x0000000100000000)
  eden space 4096K, 100% used [0x00000000eab00000,0x00000000eaf00000,0x00000000eaf00000)
  from space 1536K, 74% used [0x00000000eb200000,0x00000000eb31ee60,0x00000000eb380000)
  to   space 1536K, 0% used [0x00000000eaf80000,0x00000000eaf80000,0x00000000eb100000)
 ParOldGen       total 653312K, used 653092K [0x00000000c0000000, 0x00000000e7e00000, 0x00000000eab00000)
  object space 653312K, 99% used [0x00000000c0000000,0x00000000e7dc93d0,0x00000000e7e00000)
 Metaspace       used 52779K, committed 53952K, reserved 1114112K
  class space    used 4697K, committed 5248K, reserved 1048576K
}
Event: 620.472 GC heap after
{Heap after GC invocations=1150 (full 3):
 PSYoungGen      total 5632K, used 1360K [0x00000000eab00000, 0x00000000eb280000, 0x0000000100000000)
  eden space 4096K, 0% used [0x00000000eab00000,0x00000000eab00000,0x00000000eaf00000)
  from space 1536K, 88% used [0x00000000eaf80000,0x00000000eb0d4090,0x00000000eb100000)
  to   space 1536K, 0% used [0x00000000eb100000,0x00000000eb100000,0x00000000eb280000)
 ParOldGen       total 654336K, used 654199K [0x00000000c0000000, 0x00000000e7f00000, 0x00000000eab00000)
  object space 654336K, 99% used [0x00000000c0000000,0x00000000e7edde40,0x00000000e7f00000)
 Metaspace       used 52779K, committed 53952K, reserved 1114112K
  class space    used 4697K, committed 5248K, reserved 1048576K
}
Event: 620.505 GC heap before
{Heap before GC invocations=1151 (full 3):
 PSYoungGen      total 5632K, used 5456K [0x00000000eab00000, 0x00000000eb280000, 0x0000000100000000)
  eden space 4096K, 100% used [0x00000000eab00000,0x00000000eaf00000,0x00000000eaf00000)
  from space 1536K, 88% used [0x00000000eaf80000,0x00000000eb0d4090,0x00000000eb100000)
  to   space 1536K, 0% used [0x00000000eb100000,0x00000000eb100000,0x00000000eb280000)
 ParOldGen       total 654336K, used 654199K [0x00000000c0000000, 0x00000000e7f00000, 0x00000000eab00000)
  object space 654336K, 99% used [0x00000000c0000000,0x00000000e7edde40,0x00000000e7f00000)
 Metaspace       used 52784K, committed 53952K, reserved 1114112K
  class space    used 4697K, committed 5248K, reserved 1048576K
}
Event: 620.508 GC heap after
{Heap after GC invocations=1151 (full 3):
 PSYoungGen      total 5632K, used 1328K [0x00000000eab00000, 0x00000000eb280000, 0x0000000100000000)
  eden space 4096K, 0% used [0x00000000eab00000,0x00000000eab00000,0x00000000eaf00000)
  from space 1536K, 86% used [0x00000000eb100000,0x00000000eb24c050,0x00000000eb280000)
  to   space 1536K, 0% used [0x00000000eaf80000,0x00000000eaf80000,0x00000000eb100000)
 ParOldGen       total 655872K, used 655414K [0x00000000c0000000, 0x00000000e8080000, 0x00000000eab00000)
  object space 655872K, 99% used [0x00000000c0000000,0x00000000e800da38,0x00000000e8080000)
 Metaspace       used 52784K, committed 53952K, reserved 1114112K
  class space    used 4697K, committed 5248K, reserved 1048576K
}
Event: 620.574 GC heap before
{Heap before GC invocations=1152 (full 3):
 PSYoungGen      total 5632K, used 5424K [0x00000000eab00000, 0x00000000eb280000, 0x0000000100000000)
  eden space 4096K, 100% used [0x00000000eab00000,0x00000000eaf00000,0x00000000eaf00000)
  from space 1536K, 86% used [0x00000000eb100000,0x00000000eb24c050,0x00000000eb280000)
  to   space 1536K, 0% used [0x00000000eaf80000,0x00000000eaf80000,0x00000000eb100000)
 ParOldGen       total 655872K, used 655414K [0x00000000c0000000, 0x00000000e8080000, 0x00000000eab00000)
  object space 655872K, 99% used [0x00000000c0000000,0x00000000e800da38,0x00000000e8080000)
 Metaspace       used 52787K, committed 53952K, reserved 1114112K
  class space    used 4697K, committed 5248K, reserved 1048576K
}
Event: 620.582 GC heap after
{Heap after GC invocations=1152 (full 3):
 PSYoungGen      total 5632K, used 1335K [0x00000000eab00000, 0x00000000eb200000, 0x0000000100000000)
  eden space 4096K, 0% used [0x00000000eab00000,0x00000000eab00000,0x00000000eaf00000)
  from space 1536K, 86% used [0x00000000eaf80000,0x00000000eb0cdd10,0x00000000eb100000)
  to   space 1024K, 0% used [0x00000000eb100000,0x00000000eb100000,0x00000000eb200000)
 ParOldGen       total 656896K, used 656562K [0x00000000c0000000, 0x00000000e8180000, 0x00000000eab00000)
  object space 656896K, 99% used [0x00000000c0000000,0x00000000e812c840,0x00000000e8180000)
 Metaspace       used 52787K, committed 53952K, reserved 1114112K
  class space    used 4697K, committed 5248K, reserved 1048576K
}
Event: 620.658 GC heap before
{Heap before GC invocations=1153 (full 3):
 PSYoungGen      total 5632K, used 5431K [0x00000000eab00000, 0x00000000eb200000, 0x0000000100000000)
  eden space 4096K, 100% used [0x00000000eab00000,0x00000000eaf00000,0x00000000eaf00000)
  from space 1536K, 86% used [0x00000000eaf80000,0x00000000eb0cdd10,0x00000000eb100000)
  to   space 1024K, 0% used [0x00000000eb100000,0x00000000eb100000,0x00000000eb200000)
 ParOldGen       total 656896K, used 656562K [0x00000000c0000000, 0x00000000e8180000, 0x00000000eab00000)
  object space 656896K, 99% used [0x00000000c0000000,0x00000000e812c840,0x00000000e8180000)
 Metaspace       used 52787K, committed 53952K, reserved 1114112K
  class space    used 4697K, committed 5248K, reserved 1048576K
}
Event: 620.670 GC heap after
{Heap after GC invocations=1153 (full 3):
 PSYoungGen      total 5120K, used 1024K [0x00000000eab00000, 0x00000000eb200000, 0x0000000100000000)
  eden space 4096K, 0% used [0x00000000eab00000,0x00000000eab00000,0x00000000eaf00000)
  from space 1024K, 100% used [0x00000000eb100000,0x00000000eb200000,0x00000000eb200000)
  to   space 1536K, 0% used [0x00000000eaf00000,0x00000000eaf00000,0x00000000eb080000)
 ParOldGen       total 657920K, used 657497K [0x00000000c0000000, 0x00000000e8280000, 0x00000000eab00000)
  object space 657920K, 99% used [0x00000000c0000000,0x00000000e8216570,0x00000000e8280000)
 Metaspace       used 52787K, committed 53952K, reserved 1114112K
  class space    used 4697K, committed 5248K, reserved 1048576K
}

