# JRE version: OpenJDK Runtime Environment Temurin-21.0.7+6 (21.0.7+6) (build 21.0.7+6-LTS)
# Java VM: OpenJDK 64-Bit Server VM Temurin-21.0.7+6 (21.0.7+6-LTS, mixed mode, sharing, tiered, compressed oops, compressed class ptrs, parallel gc, windows-amd64)
GC Precious Log:
 CardTable entry size: 512
 CPUs: 8 total, 8 available
 Memory: 7968M
 Large Page Support: Disabled
 NUMA Support: Disabled
 Compressed Oops: Enabled (32-bit)
 Alignments: Space 512K, Generation 512K, Heap 2M
 Heap Min Capacity: 100M
 Heap Initial Capacity: 100M
 Heap Max Capacity: 1G
 Pre-touch: Disabled
 Parallel Workers: 8
Heap:
 PSYoungGen      total 7680K, used 7677K [0x00000000eab00000, 0x00000000eb500000, 0x0000000100000000)
  eden space 6144K, 100% used [0x00000000eab00000,0x00000000eb100000,0x00000000eb100000)
  from space 1536K, 99% used [0x00000000eb280000,0x00000000eb3ff750,0x00000000eb400000)
  to   space 1024K, 97% used [0x00000000eb400000,0x00000000eb4facc8,0x00000000eb500000)
 ParOldGen       total 388608K, used 388470K [0x00000000c0000000, 0x00000000d7b80000, 0x00000000eab00000)
  object space 388608K, 99% used [0x00000000c0000000,0x00000000d7b5dad0,0x00000000d7b80000)
 Metaspace       used 63318K, committed 64832K, reserved 1114112K
  class space    used 6218K, committed 6912K, reserved 1048576K
GC Heap History (20 events):
Event: 23.051 GC heap before
{Heap before GC invocations=396 (full 3):
 PSYoungGen      total 5120K, used 4944K [0x00000000eab00000, 0x00000000eb100000, 0x0000000100000000)
  eden space 4096K, 100% used [0x00000000eab00000,0x00000000eaf00000,0x00000000eaf00000)
  from space 1024K, 82% used [0x00000000eb000000,0x00000000eb0d42e0,0x00000000eb100000)
  to   space 1024K, 0% used [0x00000000eaf00000,0x00000000eaf00000,0x00000000eb000000)
 ParOldGen       total 375808K, used 375379K [0x00000000c0000000, 0x00000000d6f00000, 0x00000000eab00000)
  object space 375808K, 99% used [0x00000000c0000000,0x00000000d6e94d30,0x00000000d6f00000)
 Metaspace       used 63279K, committed 64768K, reserved 1114112K
  class space    used 6217K, committed 6912K, reserved 1048576K
}
Event: 23.054 GC heap after
{Heap after GC invocations=396 (full 3):
 PSYoungGen      total 5120K, used 817K [0x00000000eab00000, 0x00000000eb200000, 0x0000000100000000)
  eden space 4096K, 0% used [0x00000000eab00000,0x00000000eab00000,0x00000000eaf00000)
  from space 1024K, 79% used [0x00000000eaf00000,0x00000000eafcc7f0,0x00000000eb000000)
  to   space 1024K, 0% used [0x00000000eb100000,0x00000000eb100000,0x00000000eb200000)
 ParOldGen       total 376320K, used 376066K [0x00000000c0000000, 0x00000000d6f80000, 0x00000000eab00000)
  object space 376320K, 99% used [0x00000000c0000000,0x00000000d6f40b78,0x00000000d6f80000)
 Metaspace       used 63279K, committed 64768K, reserved 1114112K
  class space    used 6217K, committed 6912K, reserved 1048576K
}
Event: 23.066 GC heap before
{Heap before GC invocations=397 (full 3):
 PSYoungGen      total 5120K, used 4913K [0x00000000eab00000, 0x00000000eb200000, 0x0000000100000000)
  eden space 4096K, 100% used [0x00000000eab00000,0x00000000eaf00000,0x00000000eaf00000)
  from space 1024K, 79% used [0x00000000eaf00000,0x00000000eafcc7f0,0x00000000eb000000)
  to   space 1024K, 0% used [0x00000000eb100000,0x00000000eb100000,0x00000000eb200000)
 ParOldGen       total 376320K, used 376066K [0x00000000c0000000, 0x00000000d6f80000, 0x00000000eab00000)
  object space 376320K, 99% used [0x00000000c0000000,0x00000000d6f40b78,0x00000000d6f80000)
 Metaspace       used 63282K, committed 64768K, reserved 1114112K
  class space    used 6217K, committed 6912K, reserved 1048576K
}
Event: 23.069 GC heap after
{Heap after GC invocations=397 (full 3):
 PSYoungGen      total 5120K, used 996K [0x00000000eab00000, 0x00000000eb400000, 0x0000000100000000)
  eden space 4096K, 0% used [0x00000000eab00000,0x00000000eab00000,0x00000000eaf00000)
  from space 1024K, 97% used [0x00000000eb100000,0x00000000eb1f9040,0x00000000eb200000)
  to   space 2048K, 0% used [0x00000000eaf00000,0x00000000eaf00000,0x00000000eb100000)
 ParOldGen       total 376832K, used 376801K [0x00000000c0000000, 0x00000000d7000000, 0x00000000eab00000)
  object space 376832K, 99% used [0x00000000c0000000,0x00000000d6ff8748,0x00000000d7000000)
 Metaspace       used 63282K, committed 64768K, reserved 1114112K
  class space    used 6217K, committed 6912K, reserved 1048576K
}
Event: 23.081 GC heap before
{Heap before GC invocations=398 (full 3):
 PSYoungGen      total 5120K, used 5092K [0x00000000eab00000, 0x00000000eb400000, 0x0000000100000000)
  eden space 4096K, 100% used [0x00000000eab00000,0x00000000eaf00000,0x00000000eaf00000)
  from space 1024K, 97% used [0x00000000eb100000,0x00000000eb1f9040,0x00000000eb200000)
  to   space 2048K, 0% used [0x00000000eaf00000,0x00000000eaf00000,0x00000000eb100000)
 ParOldGen       total 376832K, used 376801K [0x00000000c0000000, 0x00000000d7000000, 0x00000000eab00000)
  object space 376832K, 99% used [0x00000000c0000000,0x00000000d6ff8748,0x00000000d7000000)
 Metaspace       used 63282K, committed 64768K, reserved 1114112K
  class space    used 6217K, committed 6912K, reserved 1048576K
}
Event: 23.085 GC heap after
{Heap after GC invocations=398 (full 3):
 PSYoungGen      total 6144K, used 965K [0x00000000eab00000, 0x00000000eb300000, 0x0000000100000000)
  eden space 4096K, 0% used [0x00000000eab00000,0x00000000eab00000,0x00000000eaf00000)
  from space 2048K, 47% used [0x00000000eaf00000,0x00000000eaff1570,0x00000000eb100000)
  to   space 1536K, 0% used [0x00000000eb180000,0x00000000eb180000,0x00000000eb300000)
 ParOldGen       total 377856K, used 377661K [0x00000000c0000000, 0x00000000d7100000, 0x00000000eab00000)
  object space 377856K, 99% used [0x00000000c0000000,0x00000000d70cf460,0x00000000d7100000)
 Metaspace       used 63282K, committed 64768K, reserved 1114112K
  class space    used 6217K, committed 6912K, reserved 1048576K
}
Event: 23.099 GC heap before
{Heap before GC invocations=399 (full 3):
 PSYoungGen      total 6144K, used 5061K [0x00000000eab00000, 0x00000000eb300000, 0x0000000100000000)
  eden space 4096K, 100% used [0x00000000eab00000,0x00000000eaf00000,0x00000000eaf00000)
  from space 2048K, 47% used [0x00000000eaf00000,0x00000000eaff1570,0x00000000eb100000)
  to   space 1536K, 0% used [0x00000000eb180000,0x00000000eb180000,0x00000000eb300000)
 ParOldGen       total 377856K, used 377661K [0x00000000c0000000, 0x00000000d7100000, 0x00000000eab00000)
  object space 377856K, 99% used [0x00000000c0000000,0x00000000d70cf460,0x00000000d7100000)
 Metaspace       used 63282K, committed 64768K, reserved 1114112K
  class space    used 6217K, committed 6912K, reserved 1048576K
}
Event: 23.103 GC heap after
{Heap after GC invocations=399 (full 3):
 PSYoungGen      total 6656K, used 1011K [0x00000000eab00000, 0x00000000eb300000, 0x0000000100000000)
  eden space 5120K, 0% used [0x00000000eab00000,0x00000000eab00000,0x00000000eb000000)
  from space 1536K, 65% used [0x00000000eb180000,0x00000000eb27cea0,0x00000000eb300000)
  to   space 1536K, 0% used [0x00000000eb000000,0x00000000eb000000,0x00000000eb180000)
 ParOldGen       total 378880K, used 378426K [0x00000000c0000000, 0x00000000d7200000, 0x00000000eab00000)
  object space 378880K, 99% used [0x00000000c0000000,0x00000000d718ebc0,0x00000000d7200000)
 Metaspace       used 63282K, committed 64768K, reserved 1114112K
  class space    used 6217K, committed 6912K, reserved 1048576K
}
Event: 23.121 GC heap before
{Heap before GC invocations=400 (full 3):
 PSYoungGen      total 6656K, used 6131K [0x00000000eab00000, 0x00000000eb300000, 0x0000000100000000)
  eden space 5120K, 100% used [0x00000000eab00000,0x00000000eb000000,0x00000000eb000000)
  from space 1536K, 65% used [0x00000000eb180000,0x00000000eb27cea0,0x00000000eb300000)
  to   space 1536K, 0% used [0x00000000eb000000,0x00000000eb000000,0x00000000eb180000)
 ParOldGen       total 378880K, used 378426K [0x00000000c0000000, 0x00000000d7200000, 0x00000000eab00000)
  object space 378880K, 99% used [0x00000000c0000000,0x00000000d718ebc0,0x00000000d7200000)
 Metaspace       used 63303K, committed 64768K, reserved 1114112K
  class space    used 6218K, committed 6912K, reserved 1048576K
}
Event: 23.129 GC heap after
{Heap after GC invocations=400 (full 3):
 PSYoungGen      total 6656K, used 1201K [0x00000000eab00000, 0x00000000eb400000, 0x0000000100000000)
  eden space 5120K, 0% used [0x00000000eab00000,0x00000000eab00000,0x00000000eb000000)
  from space 1536K, 78% used [0x00000000eb000000,0x00000000eb12c688,0x00000000eb180000)
  to   space 1536K, 0% used [0x00000000eb280000,0x00000000eb280000,0x00000000eb400000)
 ParOldGen       total 379392K, used 379280K [0x00000000c0000000, 0x00000000d7280000, 0x00000000eab00000)
  object space 379392K, 99% used [0x00000000c0000000,0x00000000d7264248,0x00000000d7280000)
 Metaspace       used 63303K, committed 64768K, reserved 1114112K
  class space    used 6218K, committed 6912K, reserved 1048576K
}
Event: 23.144 GC heap before
{Heap before GC invocations=401 (full 3):
 PSYoungGen      total 6656K, used 6321K [0x00000000eab00000, 0x00000000eb400000, 0x0000000100000000)
  eden space 5120K, 100% used [0x00000000eab00000,0x00000000eb000000,0x00000000eb000000)
  from space 1536K, 78% used [0x00000000eb000000,0x00000000eb12c688,0x00000000eb180000)
  to   space 1536K, 0% used [0x00000000eb280000,0x00000000eb280000,0x00000000eb400000)
 ParOldGen       total 379392K, used 379280K [0x00000000c0000000, 0x00000000d7280000, 0x00000000eab00000)
  object space 379392K, 99% used [0x00000000c0000000,0x00000000d7264248,0x00000000d7280000)
 Metaspace       used 63304K, committed 64768K, reserved 1114112K
  class space    used 6218K, committed 6912K, reserved 1048576K
}
Event: 23.147 GC heap after
{Heap after GC invocations=401 (full 3):
 PSYoungGen      total 7680K, used 1209K [0x00000000eab00000, 0x00000000eb400000, 0x0000000100000000)
  eden space 6144K, 0% used [0x00000000eab00000,0x00000000eab00000,0x00000000eb100000)
  from space 1536K, 78% used [0x00000000eb280000,0x00000000eb3ae700,0x00000000eb400000)
  to   space 1536K, 0% used [0x00000000eb100000,0x00000000eb100000,0x00000000eb280000)
 ParOldGen       total 380416K, used 380295K [0x00000000c0000000, 0x00000000d7380000, 0x00000000eab00000)
  object space 380416K, 99% used [0x00000000c0000000,0x00000000d7361d80,0x00000000d7380000)
 Metaspace       used 63304K, committed 64768K, reserved 1114112K
  class space    used 6218K, committed 6912K, reserved 1048576K
}
Event: 23.162 GC heap before
{Heap before GC invocations=402 (full 3):
 PSYoungGen      total 7680K, used 7353K [0x00000000eab00000, 0x00000000eb400000, 0x0000000100000000)
  eden space 6144K, 100% used [0x00000000eab00000,0x00000000eb100000,0x00000000eb100000)
  from space 1536K, 78% used [0x00000000eb280000,0x00000000eb3ae700,0x00000000eb400000)
  to   space 1536K, 0% used [0x00000000eb100000,0x00000000eb100000,0x00000000eb280000)
 ParOldGen       total 380416K, used 380295K [0x00000000c0000000, 0x00000000d7380000, 0x00000000eab00000)
  object space 380416K, 99% used [0x00000000c0000000,0x00000000d7361d80,0x00000000d7380000)
 Metaspace       used 63305K, committed 64768K, reserved 1114112K
  class space    used 6218K, committed 6912K, reserved 1048576K
}
Event: 23.165 GC heap after
{Heap after GC invocations=402 (full 3):
 PSYoungGen      total 7680K, used 1525K [0x00000000eab00000, 0x00000000eb800000, 0x0000000100000000)
  eden space 6144K, 0% used [0x00000000eab00000,0x00000000eab00000,0x00000000eb100000)
  from space 1536K, 99% used [0x00000000eb100000,0x00000000eb27d460,0x00000000eb280000)
  to   space 3584K, 0% used [0x00000000eb480000,0x00000000eb480000,0x00000000eb800000)
 ParOldGen       total 381952K, used 381616K [0x00000000c0000000, 0x00000000d7500000, 0x00000000eab00000)
  object space 381952K, 99% used [0x00000000c0000000,0x00000000d74ac210,0x00000000d7500000)
 Metaspace       used 63305K, committed 64768K, reserved 1114112K
  class space    used 6218K, committed 6912K, reserved 1048576K
}
Event: 23.184 GC heap before
{Heap before GC invocations=403 (full 3):
 PSYoungGen      total 7680K, used 7669K [0x00000000eab00000, 0x00000000eb800000, 0x0000000100000000)
  eden space 6144K, 100% used [0x00000000eab00000,0x00000000eb100000,0x00000000eb100000)
  from space 1536K, 99% used [0x00000000eb100000,0x00000000eb27d460,0x00000000eb280000)
  to   space 3584K, 0% used [0x00000000eb480000,0x00000000eb480000,0x00000000eb800000)
 ParOldGen       total 381952K, used 381616K [0x00000000c0000000, 0x00000000d7500000, 0x00000000eab00000)
  object space 381952K, 99% used [0x00000000c0000000,0x00000000d74ac210,0x00000000d7500000)
 Metaspace       used 63315K, committed 64832K, reserved 1114112K
  class space    used 6218K, committed 6912K, reserved 1048576K
}
Event: 23.187 GC heap after
{Heap after GC invocations=403 (full 3):
 PSYoungGen      total 8192K, used 1564K [0x00000000eab00000, 0x00000000eb680000, 0x0000000100000000)
  eden space 6144K, 0% used [0x00000000eab00000,0x00000000eab00000,0x00000000eb100000)
  from space 2048K, 76% used [0x00000000eb480000,0x00000000eb6072b0,0x00000000eb680000)
  to   space 2048K, 0% used [0x00000000eb280000,0x00000000eb280000,0x00000000eb480000)
 ParOldGen       total 383488K, used 383057K [0x00000000c0000000, 0x00000000d7680000, 0x00000000eab00000)
  object space 383488K, 99% used [0x00000000c0000000,0x00000000d7614768,0x00000000d7680000)
 Metaspace       used 63315K, committed 64832K, reserved 1114112K
  class space    used 6218K, committed 6912K, reserved 1048576K
}
Event: 23.206 GC heap before
{Heap before GC invocations=404 (full 3):
 PSYoungGen      total 8192K, used 7708K [0x00000000eab00000, 0x00000000eb680000, 0x0000000100000000)
  eden space 6144K, 100% used [0x00000000eab00000,0x00000000eb100000,0x00000000eb100000)
  from space 2048K, 76% used [0x00000000eb480000,0x00000000eb6072b0,0x00000000eb680000)
  to   space 2048K, 0% used [0x00000000eb280000,0x00000000eb280000,0x00000000eb480000)
 ParOldGen       total 383488K, used 383057K [0x00000000c0000000, 0x00000000d7680000, 0x00000000eab00000)
  object space 383488K, 99% used [0x00000000c0000000,0x00000000d7614768,0x00000000d7680000)
 Metaspace       used 63316K, committed 64832K, reserved 1114112K
  class space    used 6218K, committed 6912K, reserved 1048576K
}
Event: 23.208 GC heap after
{Heap after GC invocations=404 (full 3):
 PSYoungGen      total 7680K, used 1077K [0x00000000eab00000, 0x00000000eb500000, 0x0000000100000000)
  eden space 6144K, 0% used [0x00000000eab00000,0x00000000eab00000,0x00000000eb100000)
  from space 1536K, 70% used [0x00000000eb280000,0x00000000eb38d4a0,0x00000000eb400000)
  to   space 1024K, 0% used [0x00000000eb400000,0x00000000eb400000,0x00000000eb500000)
 ParOldGen       total 384512K, used 384347K [0x00000000c0000000, 0x00000000d7780000, 0x00000000eab00000)
  object space 384512K, 99% used [0x00000000c0000000,0x00000000d7756c08,0x00000000d7780000)
 Metaspace       used 63316K, committed 64832K, reserved 1114112K
  class space    used 6218K, committed 6912K, reserved 1048576K
}
Event: 23.227 GC heap before
{Heap before GC invocations=405 (full 3):
 PSYoungGen      total 7680K, used 7221K [0x00000000eab00000, 0x00000000eb500000, 0x0000000100000000)
  eden space 6144K, 100% used [0x00000000eab00000,0x00000000eb100000,0x00000000eb100000)
  from space 1536K, 70% used [0x00000000eb280000,0x00000000eb38d4a0,0x00000000eb400000)
  to   space 1024K, 0% used [0x00000000eb400000,0x00000000eb400000,0x00000000eb500000)
 ParOldGen       total 384512K, used 384347K [0x00000000c0000000, 0x00000000d7780000, 0x00000000eab00000)
  object space 384512K, 99% used [0x00000000c0000000,0x00000000d7756c08,0x00000000d7780000)
 Metaspace       used 63316K, committed 64832K, reserved 1114112K
  class space    used 6218K, committed 6912K, reserved 1048576K
}
Event: 23.230 GC heap after
{Heap after GC invocations=405 (full 3):
 PSYoungGen      total 7168K, used 1017K [0x00000000eab00000, 0x00000000eb500000, 0x0000000100000000)
  eden space 6144K, 0% used [0x00000000eab00000,0x00000000eab00000,0x00000000eb100000)
  from space 1024K, 99% used [0x00000000eb400000,0x00000000eb4fe580,0x00000000eb500000)
  to   space 1536K, 0% used [0x00000000eb280000,0x00000000eb280000,0x00000000eb400000)
 ParOldGen       total 386048K, used 385831K [0x00000000c0000000, 0x00000000d7900000, 0x00000000eab00000)
  object space 386048K, 99% used [0x00000000c0000000,0x00000000d78c9de8,0x00000000d7900000)
 Metaspace       used 63316K, committed 64832K, reserved 1114112K
  class space    used 6218K, committed 6912K, reserved 1048576K
}

