# JRE version: OpenJDK Runtime Environment Temurin-21.0.7+6 (21.0.7+6) (build 21.0.7+6-LTS)
# Java VM: OpenJDK 64-Bit Server VM Temurin-21.0.7+6 (21.0.7+6-LTS, mixed mode, sharing, tiered, compressed oops, compressed class ptrs, parallel gc, windows-amd64)
GC Precious Log:
 CardTable entry size: 512
 CPUs: 8 total, 8 available
 Memory: 7968M
 Large Page Support: Disabled
 NUMA Support: Disabled
 Compressed Oops: Enabled (32-bit)
 Alignments: Space 512K, Generation 512K, Heap 2M
 Heap Min Capacity: 100M
 Heap Initial Capacity: 100M
 Heap Max Capacity: 1G
 Pre-touch: Disabled
 Parallel Workers: 8
Heap:
 PSYoungGen      total 3584K, used 2410K [0x00000000eab00000, 0x00000000eaf80000, 0x0000000100000000)
  eden space 2560K, 69% used [0x00000000eab00000,0x00000000eacbe178,0x00000000ead80000)
  from space 1024K, 61% used [0x00000000eae80000,0x00000000eaf1c9b8,0x00000000eaf80000)
  to   space 1024K, 0% used [0x00000000ead80000,0x00000000ead80000,0x00000000eae80000)
 ParOldGen       total 670208K, used 669891K [0x00000000c0000000, 0x00000000e8e80000, 0x00000000eab00000)
  object space 670208K, 99% used [0x00000000c0000000,0x00000000e8e30ef8,0x00000000e8e80000)
 Metaspace       used 69345K, committed 70784K, reserved 1114112K
  class space    used 7085K, committed 7744K, reserved 1048576K
GC Heap History (20 events):
Event: 29.650 GC heap after
{Heap after GC invocations=854 (full 3):
 PSYoungGen      total 3584K, used 480K [0x00000000eab00000, 0x00000000eaf00000, 0x0000000100000000)
  eden space 3072K, 0% used [0x00000000eab00000,0x00000000eab00000,0x00000000eae00000)
  from space 512K, 93% used [0x00000000eae00000,0x00000000eae78000,0x00000000eae80000)
  to   space 512K, 0% used [0x00000000eae80000,0x00000000eae80000,0x00000000eaf00000)
 ParOldGen       total 664064K, used 663614K [0x00000000c0000000, 0x00000000e8880000, 0x00000000eab00000)
  object space 664064K, 99% used [0x00000000c0000000,0x00000000e880f810,0x00000000e8880000)
 Metaspace       used 68860K, committed 70400K, reserved 1114112K
  class space    used 6975K, committed 7680K, reserved 1048576K
}
Event: 29.664 GC heap before
{Heap before GC invocations=855 (full 3):
 PSYoungGen      total 3584K, used 3552K [0x00000000eab00000, 0x00000000eaf00000, 0x0000000100000000)
  eden space 3072K, 100% used [0x00000000eab00000,0x00000000eae00000,0x00000000eae00000)
  from space 512K, 93% used [0x00000000eae00000,0x00000000eae78000,0x00000000eae80000)
  to   space 512K, 0% used [0x00000000eae80000,0x00000000eae80000,0x00000000eaf00000)
 ParOldGen       total 664064K, used 663614K [0x00000000c0000000, 0x00000000e8880000, 0x00000000eab00000)
  object space 664064K, 99% used [0x00000000c0000000,0x00000000e880f810,0x00000000e8880000)
 Metaspace       used 68874K, committed 70400K, reserved 1114112K
  class space    used 6979K, committed 7680K, reserved 1048576K
}
Event: 29.666 GC heap after
{Heap after GC invocations=855 (full 3):
 PSYoungGen      total 3072K, used 512K [0x00000000eab00000, 0x00000000eb000000, 0x0000000100000000)
  eden space 2560K, 0% used [0x00000000eab00000,0x00000000eab00000,0x00000000ead80000)
  from space 512K, 100% used [0x00000000eae80000,0x00000000eaf00000,0x00000000eaf00000)
  to   space 1024K, 0% used [0x00000000ead80000,0x00000000ead80000,0x00000000eae80000)
 ParOldGen       total 664064K, used 663976K [0x00000000c0000000, 0x00000000e8880000, 0x00000000eab00000)
  object space 664064K, 99% used [0x00000000c0000000,0x00000000e886a1c0,0x00000000e8880000)
 Metaspace       used 68874K, committed 70400K, reserved 1114112K
  class space    used 6979K, committed 7680K, reserved 1048576K
}
Event: 29.681 GC heap before
{Heap before GC invocations=856 (full 3):
 PSYoungGen      total 3072K, used 3072K [0x00000000eab00000, 0x00000000eb000000, 0x0000000100000000)
  eden space 2560K, 100% used [0x00000000eab00000,0x00000000ead80000,0x00000000ead80000)
  from space 512K, 100% used [0x00000000eae80000,0x00000000eaf00000,0x00000000eaf00000)
  to   space 1024K, 0% used [0x00000000ead80000,0x00000000ead80000,0x00000000eae80000)
 ParOldGen       total 664064K, used 663976K [0x00000000c0000000, 0x00000000e8880000, 0x00000000eab00000)
  object space 664064K, 99% used [0x00000000c0000000,0x00000000e886a1c0,0x00000000e8880000)
 Metaspace       used 68884K, committed 70400K, reserved 1114112K
  class space    used 6983K, committed 7680K, reserved 1048576K
}
Event: 29.684 GC heap after
{Heap after GC invocations=856 (full 3):
 PSYoungGen      total 3584K, used 576K [0x00000000eab00000, 0x00000000eaf80000, 0x0000000100000000)
  eden space 2560K, 0% used [0x00000000eab00000,0x00000000eab00000,0x00000000ead80000)
  from space 1024K, 56% used [0x00000000ead80000,0x00000000eae10000,0x00000000eae80000)
  to   space 1024K, 0% used [0x00000000eae80000,0x00000000eae80000,0x00000000eaf80000)
 ParOldGen       total 664576K, used 664483K [0x00000000c0000000, 0x00000000e8900000, 0x00000000eab00000)
  object space 664576K, 99% used [0x00000000c0000000,0x00000000e88e8e80,0x00000000e8900000)
 Metaspace       used 68884K, committed 70400K, reserved 1114112K
  class space    used 6983K, committed 7680K, reserved 1048576K
}
Event: 29.700 GC heap before
{Heap before GC invocations=857 (full 3):
 PSYoungGen      total 3584K, used 3136K [0x00000000eab00000, 0x00000000eaf80000, 0x0000000100000000)
  eden space 2560K, 100% used [0x00000000eab00000,0x00000000ead80000,0x00000000ead80000)
  from space 1024K, 56% used [0x00000000ead80000,0x00000000eae10000,0x00000000eae80000)
  to   space 1024K, 0% used [0x00000000eae80000,0x00000000eae80000,0x00000000eaf80000)
 ParOldGen       total 664576K, used 664483K [0x00000000c0000000, 0x00000000e8900000, 0x00000000eab00000)
  object space 664576K, 99% used [0x00000000c0000000,0x00000000e88e8e80,0x00000000e8900000)
 Metaspace       used 68904K, committed 70400K, reserved 1114112K
  class space    used 6991K, committed 7680K, reserved 1048576K
}
Event: 29.702 GC heap after
{Heap after GC invocations=857 (full 3):
 PSYoungGen      total 3584K, used 602K [0x00000000eab00000, 0x00000000eaf80000, 0x0000000100000000)
  eden space 2560K, 0% used [0x00000000eab00000,0x00000000eab00000,0x00000000ead80000)
  from space 1024K, 58% used [0x00000000eae80000,0x00000000eaf16a48,0x00000000eaf80000)
  to   space 1024K, 0% used [0x00000000ead80000,0x00000000ead80000,0x00000000eae80000)
 ParOldGen       total 665088K, used 664972K [0x00000000c0000000, 0x00000000e8980000, 0x00000000eab00000)
  object space 665088K, 99% used [0x00000000c0000000,0x00000000e89630d0,0x00000000e8980000)
 Metaspace       used 68904K, committed 70400K, reserved 1114112K
  class space    used 6991K, committed 7680K, reserved 1048576K
}
Event: 29.716 GC heap before
{Heap before GC invocations=858 (full 3):
 PSYoungGen      total 3584K, used 3162K [0x00000000eab00000, 0x00000000eaf80000, 0x0000000100000000)
  eden space 2560K, 100% used [0x00000000eab00000,0x00000000ead80000,0x00000000ead80000)
  from space 1024K, 58% used [0x00000000eae80000,0x00000000eaf16a48,0x00000000eaf80000)
  to   space 1024K, 0% used [0x00000000ead80000,0x00000000ead80000,0x00000000eae80000)
 ParOldGen       total 665088K, used 664972K [0x00000000c0000000, 0x00000000e8980000, 0x00000000eab00000)
  object space 665088K, 99% used [0x00000000c0000000,0x00000000e89630d0,0x00000000e8980000)
 Metaspace       used 68913K, committed 70400K, reserved 1114112K
  class space    used 6994K, committed 7680K, reserved 1048576K
}
Event: 29.719 GC heap after
{Heap after GC invocations=858 (full 3):
 PSYoungGen      total 3584K, used 662K [0x00000000eab00000, 0x00000000eaf80000, 0x0000000100000000)
  eden space 2560K, 0% used [0x00000000eab00000,0x00000000eab00000,0x00000000ead80000)
  from space 1024K, 64% used [0x00000000ead80000,0x00000000eae25a18,0x00000000eae80000)
  to   space 1024K, 0% used [0x00000000eae80000,0x00000000eae80000,0x00000000eaf80000)
 ParOldGen       total 665600K, used 665419K [0x00000000c0000000, 0x00000000e8a00000, 0x00000000eab00000)
  object space 665600K, 99% used [0x00000000c0000000,0x00000000e89d2eb0,0x00000000e8a00000)
 Metaspace       used 68913K, committed 70400K, reserved 1114112K
  class space    used 6994K, committed 7680K, reserved 1048576K
}
Event: 29.731 GC heap before
{Heap before GC invocations=859 (full 3):
 PSYoungGen      total 3584K, used 3222K [0x00000000eab00000, 0x00000000eaf80000, 0x0000000100000000)
  eden space 2560K, 100% used [0x00000000eab00000,0x00000000ead80000,0x00000000ead80000)
  from space 1024K, 64% used [0x00000000ead80000,0x00000000eae25a18,0x00000000eae80000)
  to   space 1024K, 0% used [0x00000000eae80000,0x00000000eae80000,0x00000000eaf80000)
 ParOldGen       total 665600K, used 665419K [0x00000000c0000000, 0x00000000e8a00000, 0x00000000eab00000)
  object space 665600K, 99% used [0x00000000c0000000,0x00000000e89d2eb0,0x00000000e8a00000)
 Metaspace       used 68930K, committed 70400K, reserved 1114112K
  class space    used 6999K, committed 7680K, reserved 1048576K
}
Event: 29.733 GC heap after
{Heap after GC invocations=859 (full 3):
 PSYoungGen      total 3584K, used 608K [0x00000000eab00000, 0x00000000eaf80000, 0x0000000100000000)
  eden space 2560K, 0% used [0x00000000eab00000,0x00000000eab00000,0x00000000ead80000)
  from space 1024K, 59% used [0x00000000eae80000,0x00000000eaf18000,0x00000000eaf80000)
  to   space 1024K, 0% used [0x00000000ead80000,0x00000000ead80000,0x00000000eae80000)
 ParOldGen       total 666112K, used 665935K [0x00000000c0000000, 0x00000000e8a80000, 0x00000000eab00000)
  object space 666112K, 99% used [0x00000000c0000000,0x00000000e8a53d58,0x00000000e8a80000)
 Metaspace       used 68930K, committed 70400K, reserved 1114112K
  class space    used 6999K, committed 7680K, reserved 1048576K
}
Event: 29.742 GC heap before
{Heap before GC invocations=860 (full 3):
 PSYoungGen      total 3584K, used 3168K [0x00000000eab00000, 0x00000000eaf80000, 0x0000000100000000)
  eden space 2560K, 100% used [0x00000000eab00000,0x00000000ead80000,0x00000000ead80000)
  from space 1024K, 59% used [0x00000000eae80000,0x00000000eaf18000,0x00000000eaf80000)
  to   space 1024K, 0% used [0x00000000ead80000,0x00000000ead80000,0x00000000eae80000)
 ParOldGen       total 666112K, used 665935K [0x00000000c0000000, 0x00000000e8a80000, 0x00000000eab00000)
  object space 666112K, 99% used [0x00000000c0000000,0x00000000e8a53d58,0x00000000e8a80000)
 Metaspace       used 68954K, committed 70464K, reserved 1114112K
  class space    used 7004K, committed 7680K, reserved 1048576K
}
Event: 29.746 GC heap after
{Heap after GC invocations=860 (full 3):
 PSYoungGen      total 3584K, used 672K [0x00000000eab00000, 0x00000000eaf80000, 0x0000000100000000)
  eden space 2560K, 0% used [0x00000000eab00000,0x00000000eab00000,0x00000000ead80000)
  from space 1024K, 65% used [0x00000000ead80000,0x00000000eae28000,0x00000000eae80000)
  to   space 1024K, 0% used [0x00000000eae80000,0x00000000eae80000,0x00000000eaf80000)
 ParOldGen       total 666624K, used 666408K [0x00000000c0000000, 0x00000000e8b00000, 0x00000000eab00000)
  object space 666624K, 99% used [0x00000000c0000000,0x00000000e8aca098,0x00000000e8b00000)
 Metaspace       used 68954K, committed 70464K, reserved 1114112K
  class space    used 7004K, committed 7680K, reserved 1048576K
}
Event: 29.755 GC heap before
{Heap before GC invocations=861 (full 3):
 PSYoungGen      total 3584K, used 3232K [0x00000000eab00000, 0x00000000eaf80000, 0x0000000100000000)
  eden space 2560K, 100% used [0x00000000eab00000,0x00000000ead80000,0x00000000ead80000)
  from space 1024K, 65% used [0x00000000ead80000,0x00000000eae28000,0x00000000eae80000)
  to   space 1024K, 0% used [0x00000000eae80000,0x00000000eae80000,0x00000000eaf80000)
 ParOldGen       total 666624K, used 666408K [0x00000000c0000000, 0x00000000e8b00000, 0x00000000eab00000)
  object space 666624K, 99% used [0x00000000c0000000,0x00000000e8aca098,0x00000000e8b00000)
 Metaspace       used 68992K, committed 70464K, reserved 1114112K
  class space    used 7009K, committed 7680K, reserved 1048576K
}
Event: 29.758 GC heap after
{Heap after GC invocations=861 (full 3):
 PSYoungGen      total 3584K, used 689K [0x00000000eab00000, 0x00000000eaf80000, 0x0000000100000000)
  eden space 2560K, 0% used [0x00000000eab00000,0x00000000eab00000,0x00000000ead80000)
  from space 1024K, 67% used [0x00000000eae80000,0x00000000eaf2c518,0x00000000eaf80000)
  to   space 1024K, 0% used [0x00000000ead80000,0x00000000ead80000,0x00000000eae80000)
 ParOldGen       total 667136K, used 666972K [0x00000000c0000000, 0x00000000e8b80000, 0x00000000eab00000)
  object space 667136K, 99% used [0x00000000c0000000,0x00000000e8b57100,0x00000000e8b80000)
 Metaspace       used 68992K, committed 70464K, reserved 1114112K
  class space    used 7009K, committed 7680K, reserved 1048576K
}
Event: 29.774 GC heap before
{Heap before GC invocations=862 (full 3):
 PSYoungGen      total 3584K, used 3249K [0x00000000eab00000, 0x00000000eaf80000, 0x0000000100000000)
  eden space 2560K, 100% used [0x00000000eab00000,0x00000000ead80000,0x00000000ead80000)
  from space 1024K, 67% used [0x00000000eae80000,0x00000000eaf2c518,0x00000000eaf80000)
  to   space 1024K, 0% used [0x00000000ead80000,0x00000000ead80000,0x00000000eae80000)
 ParOldGen       total 667136K, used 666972K [0x00000000c0000000, 0x00000000e8b80000, 0x00000000eab00000)
  object space 667136K, 99% used [0x00000000c0000000,0x00000000e8b57100,0x00000000e8b80000)
 Metaspace       used 69034K, committed 70464K, reserved 1114112K
  class space    used 7027K, committed 7680K, reserved 1048576K
}
Event: 29.776 GC heap after
{Heap after GC invocations=862 (full 3):
 PSYoungGen      total 3584K, used 512K [0x00000000eab00000, 0x00000000eaf80000, 0x0000000100000000)
  eden space 2560K, 0% used [0x00000000eab00000,0x00000000eab00000,0x00000000ead80000)
  from space 1024K, 50% used [0x00000000ead80000,0x00000000eae00000,0x00000000eae80000)
  to   space 1024K, 0% used [0x00000000eae80000,0x00000000eae80000,0x00000000eaf80000)
 ParOldGen       total 667648K, used 667585K [0x00000000c0000000, 0x00000000e8c00000, 0x00000000eab00000)
  object space 667648K, 99% used [0x00000000c0000000,0x00000000e8bf0550,0x00000000e8c00000)
 Metaspace       used 69034K, committed 70464K, reserved 1114112K
  class space    used 7027K, committed 7680K, reserved 1048576K
}
Event: 29.796 GC heap before
{Heap before GC invocations=863 (full 3):
 PSYoungGen      total 3584K, used 3068K [0x00000000eab00000, 0x00000000eaf80000, 0x0000000100000000)
  eden space 2560K, 99% used [0x00000000eab00000,0x00000000ead7f3e0,0x00000000ead80000)
  from space 1024K, 50% used [0x00000000ead80000,0x00000000eae00000,0x00000000eae80000)
  to   space 1024K, 0% used [0x00000000eae80000,0x00000000eae80000,0x00000000eaf80000)
 ParOldGen       total 667648K, used 667585K [0x00000000c0000000, 0x00000000e8c00000, 0x00000000eab00000)
  object space 667648K, 99% used [0x00000000c0000000,0x00000000e8bf0550,0x00000000e8c00000)
 Metaspace       used 69086K, committed 70592K, reserved 1114112K
  class space    used 7038K, committed 7744K, reserved 1048576K
}
Event: 29.799 GC heap after
{Heap after GC invocations=863 (full 3):
 PSYoungGen      total 3584K, used 640K [0x00000000eab00000, 0x00000000eaf80000, 0x0000000100000000)
  eden space 2560K, 0% used [0x00000000eab00000,0x00000000eab00000,0x00000000ead80000)
  from space 1024K, 62% used [0x00000000eae80000,0x00000000eaf20000,0x00000000eaf80000)
  to   space 1024K, 0% used [0x00000000ead80000,0x00000000ead80000,0x00000000eae80000)
 ParOldGen       total 668160K, used 667981K [0x00000000c0000000, 0x00000000e8c80000, 0x00000000eab00000)
  object space 668160K, 99% used [0x00000000c0000000,0x00000000e8c537f8,0x00000000e8c80000)
 Metaspace       used 69086K, committed 70592K, reserved 1114112K
  class space    used 7038K, committed 7744K, reserved 1048576K
}
Event: 29.825 GC heap before
{Heap before GC invocations=864 (full 3):
 PSYoungGen      total 3584K, used 3200K [0x00000000eab00000, 0x00000000eaf80000, 0x0000000100000000)
  eden space 2560K, 100% used [0x00000000eab00000,0x00000000ead80000,0x00000000ead80000)
  from space 1024K, 62% used [0x00000000eae80000,0x00000000eaf20000,0x00000000eaf80000)
  to   space 1024K, 0% used [0x00000000ead80000,0x00000000ead80000,0x00000000eae80000)
 ParOldGen       total 668160K, used 667981K [0x00000000c0000000, 0x00000000e8c80000, 0x00000000eab00000)
  object space 668160K, 99% used [0x00000000c0000000,0x00000000e8c537f8,0x00000000e8c80000)
 Metaspace       used 69164K, committed 70656K, reserved 1114112K
  class space    used 7053K, committed 7744K, reserved 1048576K
}

