# JRE version: Java(TM) SE Runtime Environment (17.0.12+8) (build 17.0.12+8-LTS-286)
# Java VM: Java HotSpot(TM) 64-Bit Server VM (17.0.12+8-LTS-286, mixed mode, sharing, tiered, compressed oops, compressed class ptrs, g1 gc, windows-amd64)
GC Precious Log:
 CPUs: 8 total, 8 available
 Memory: 7968M
 Large Page Support: Disabled
 NUMA Support: Disabled
 Compressed Oops: Enabled (32-bit)
 Heap Region Size: 1M
 Heap Min Capacity: 8M
 Heap Initial Capacity: 126M
 Heap Max Capacity: 2G
 Pre-touch: Disabled
 Parallel Workers: 8
 Concurrent Workers: 2
 Concurrent Refinement Workers: 8
 Periodic GC: Disabled
Heap:
 garbage-first heap   total 281600K, used 174468K [0x0000000080000000, 0x0000000100000000)
  region size 1024K, 2 young (2048K), 2 survivors (2048K)
 Metaspace       used 88404K, committed 89408K, reserved 557056K
  class space    used 12471K, committed 12928K, reserved 425984K
GC Heap History (20 events):
Event: 8.319 GC heap after
{Heap after GC invocations=31 (full 0):
 garbage-first heap   total 139264K, used 72688K [0x0000000080000000, 0x0000000100000000)
  region size 1024K, 1 young (1024K), 1 survivors (1024K)
 Metaspace       used 59975K, committed 60544K, reserved 491520K
  class space    used 8190K, committed 8448K, reserved 425984K
}
Event: 8.655 GC heap before
{Heap before GC invocations=31 (full 0):
 garbage-first heap   total 139264K, used 109552K [0x0000000080000000, 0x0000000100000000)
  region size 1024K, 37 young (37888K), 1 survivors (1024K)
 Metaspace       used 62134K, committed 62784K, reserved 491520K
  class space    used 8497K, committed 8768K, reserved 425984K
}
Event: 8.659 GC heap after
{Heap after GC invocations=32 (full 0):
 garbage-first heap   total 278528K, used 73952K [0x0000000080000000, 0x0000000100000000)
  region size 1024K, 2 young (2048K), 2 survivors (2048K)
 Metaspace       used 62134K, committed 62784K, reserved 491520K
  class space    used 8497K, committed 8768K, reserved 425984K
}
Event: 9.909 GC heap before
{Heap before GC invocations=33 (full 0):
 garbage-first heap   total 266240K, used 206048K [0x0000000080000000, 0x0000000100000000)
  region size 1024K, 131 young (134144K), 2 survivors (2048K)
 Metaspace       used 71004K, committed 71680K, reserved 491520K
  class space    used 9950K, committed 10240K, reserved 425984K
}
Event: 9.915 GC heap after
{Heap after GC invocations=34 (full 0):
 garbage-first heap   total 266240K, used 80273K [0x0000000080000000, 0x0000000100000000)
  region size 1024K, 9 young (9216K), 9 survivors (9216K)
 Metaspace       used 71004K, committed 71680K, reserved 491520K
  class space    used 9950K, committed 10240K, reserved 425984K
}
Event: 9.942 GC heap before
{Heap before GC invocations=34 (full 0):
 garbage-first heap   total 266240K, used 84369K [0x0000000080000000, 0x0000000100000000)
  region size 1024K, 13 young (13312K), 9 survivors (9216K)
 Metaspace       used 71121K, committed 71744K, reserved 491520K
  class space    used 9964K, committed 10240K, reserved 425984K
}
Event: 9.947 GC heap after
{Heap after GC invocations=35 (full 0):
 garbage-first heap   total 266240K, used 81342K [0x0000000080000000, 0x0000000100000000)
  region size 1024K, 2 young (2048K), 2 survivors (2048K)
 Metaspace       used 71121K, committed 71744K, reserved 491520K
  class space    used 9964K, committed 10240K, reserved 425984K
}
Event: 10.861 GC heap before
{Heap before GC invocations=35 (full 0):
 garbage-first heap   total 266240K, used 210366K [0x0000000080000000, 0x0000000100000000)
  region size 1024K, 127 young (130048K), 2 survivors (2048K)
 Metaspace       used 74729K, committed 75648K, reserved 491520K
  class space    used 10517K, committed 10944K, reserved 425984K
}
Event: 10.869 GC heap after
{Heap after GC invocations=36 (full 0):
 garbage-first heap   total 266240K, used 95357K [0x0000000080000000, 0x0000000100000000)
  region size 1024K, 13 young (13312K), 13 survivors (13312K)
 Metaspace       used 74729K, committed 75648K, reserved 491520K
  class space    used 10517K, committed 10944K, reserved 425984K
}
Event: 12.003 GC heap before
{Heap before GC invocations=36 (full 0):
 garbage-first heap   total 266240K, used 207997K [0x0000000080000000, 0x0000000100000000)
  region size 1024K, 124 young (126976K), 13 survivors (13312K)
 Metaspace       used 85123K, committed 86016K, reserved 557056K
  class space    used 12066K, committed 12480K, reserved 425984K
}
Event: 12.021 GC heap after
{Heap after GC invocations=37 (full 0):
 garbage-first heap   total 266240K, used 106916K [0x0000000080000000, 0x0000000100000000)
  region size 1024K, 12 young (12288K), 12 survivors (12288K)
 Metaspace       used 85123K, committed 86016K, reserved 557056K
  class space    used 12066K, committed 12480K, reserved 425984K
}
Event: 12.655 GC heap before
{Heap before GC invocations=37 (full 0):
 garbage-first heap   total 266240K, used 209316K [0x0000000080000000, 0x0000000100000000)
  region size 1024K, 113 young (115712K), 12 survivors (12288K)
 Metaspace       used 88226K, committed 89152K, reserved 557056K
  class space    used 12470K, committed 12928K, reserved 425984K
}
Event: 12.756 GC heap after
{Heap after GC invocations=38 (full 0):
 garbage-first heap   total 266240K, used 119958K [0x0000000080000000, 0x0000000100000000)
  region size 1024K, 15 young (15360K), 15 survivors (15360K)
 Metaspace       used 88226K, committed 89152K, reserved 557056K
  class space    used 12470K, committed 12928K, reserved 425984K
}
Event: 13.265 GC heap before
{Heap before GC invocations=38 (full 0):
 garbage-first heap   total 266240K, used 209046K [0x0000000080000000, 0x0000000100000000)
  region size 1024K, 103 young (105472K), 15 survivors (15360K)
 Metaspace       used 88305K, committed 89216K, reserved 557056K
  class space    used 12473K, committed 12928K, reserved 425984K
}
Event: 13.285 GC heap after
{Heap after GC invocations=39 (full 0):
 garbage-first heap   total 266240K, used 139105K [0x0000000080000000, 0x0000000100000000)
  region size 1024K, 13 young (13312K), 13 survivors (13312K)
 Metaspace       used 88305K, committed 89216K, reserved 557056K
  class space    used 12473K, committed 12928K, reserved 425984K
}
Event: 13.652 GC heap before
{Heap before GC invocations=39 (full 0):
 garbage-first heap   total 266240K, used 209761K [0x0000000080000000, 0x0000000100000000)
  region size 1024K, 82 young (83968K), 13 survivors (13312K)
 Metaspace       used 88326K, committed 89280K, reserved 557056K
  class space    used 12474K, committed 12928K, reserved 425984K
}
Event: 13.667 GC heap after
{Heap after GC invocations=40 (full 0):
 garbage-first heap   total 266240K, used 155648K [0x0000000080000000, 0x0000000100000000)
  region size 1024K, 11 young (11264K), 11 survivors (11264K)
 Metaspace       used 88326K, committed 89280K, reserved 557056K
  class space    used 12474K, committed 12928K, reserved 425984K
}
Event: 13.973 GC heap before
{Heap before GC invocations=41 (full 0):
 garbage-first heap   total 281600K, used 212992K [0x0000000080000000, 0x0000000100000000)
  region size 1024K, 67 young (68608K), 11 survivors (11264K)
 Metaspace       used 88371K, committed 89344K, reserved 557056K
  class space    used 12470K, committed 12928K, reserved 425984K
}
Event: 13.990 GC heap after
{Heap after GC invocations=42 (full 0):
 garbage-first heap   total 281600K, used 171425K [0x0000000080000000, 0x0000000100000000)
  region size 1024K, 9 young (9216K), 9 survivors (9216K)
 Metaspace       used 88371K, committed 89344K, reserved 557056K
  class space    used 12470K, committed 12928K, reserved 425984K
}
Event: 14.019 GC heap before
{Heap before GC invocations=42 (full 0):
 garbage-first heap   total 281600K, used 175521K [0x0000000080000000, 0x0000000100000000)
  region size 1024K, 13 young (13312K), 9 survivors (9216K)
 Metaspace       used 88404K, committed 89408K, reserved 557056K
  class space    used 12471K, committed 12928K, reserved 425984K
}

